2024-08-06 06:37:35,909 INFO o.s.b.StartupInfoLogger [restartedMain] Starting QuizspringApplication using Java 17.0.10 with PID 1544 (D:\Github\SoftwareDesignPatterns\Software-Design-Pattern-main\Software-Design-Pattern-main\Day-11\Spring-Security-Template-V4-main\target\classes started by swetha in D:\Github\SoftwareDesignPatterns\Software-Design-Pattern-main\Software-Design-Pattern-main\Day-11\Spring-Security-Template-V4-main)
2024-08-06 06:37:36,008 INFO o.s.b.SpringApplication [restartedMain] No active profile set, falling back to 1 default profile: "default"
2024-08-06 06:37:36,180 INFO o.s.b.l.DeferredLog [restartedMain] Devtools property defaults active! Set 'spring.devtools.add-properties' to 'false' to disable
2024-08-06 06:37:36,196 INFO o.s.b.l.DeferredLog [restartedMain] For additional web related logging consider setting the 'logging.level.web' property to 'DEBUG'
2024-08-06 06:37:38,212 INFO o.s.d.r.c.RepositoryConfigurationDelegate [restartedMain] Bootstrapping Spring Data JPA repositories in DEFAULT mode.
2024-08-06 06:37:38,755 INFO o.s.d.r.c.RepositoryConfigurationDelegate [restartedMain] Finished Spring Data repository scanning in 514 ms. Found 5 JPA repository interfaces.
2024-08-06 06:37:40,145 INFO o.s.b.w.e.t.TomcatWebServer [restartedMain] Tomcat initialized with port 7777 (http)
2024-08-06 06:37:40,164 INFO o.a.j.l.DirectJDKLog [restartedMain] Initializing ProtocolHandler ["http-nio-7777"]
2024-08-06 06:37:40,169 INFO o.a.j.l.DirectJDKLog [restartedMain] Starting service [Tomcat]
2024-08-06 06:37:40,170 INFO o.a.j.l.DirectJDKLog [restartedMain] Starting Servlet engine: [Apache Tomcat/10.1.26]
2024-08-06 06:37:40,311 INFO o.a.j.l.DirectJDKLog [restartedMain] Initializing Spring embedded WebApplicationContext
2024-08-06 06:37:40,315 INFO o.s.b.w.s.c.ServletWebServerApplicationContext [restartedMain] Root WebApplicationContext: initialization completed in 4112 ms
2024-08-06 06:37:40,628 INFO o.h.j.i.u.LogHelper [restartedMain] HHH000204: Processing PersistenceUnitInfo [name: default]
2024-08-06 06:37:40,765 INFO o.h.Version [restartedMain] HHH000412: Hibernate ORM core version 6.5.2.Final
2024-08-06 06:37:40,845 INFO o.h.c.i.RegionFactoryInitiator [restartedMain] HHH000026: Second-level cache disabled
2024-08-06 06:37:41,546 INFO o.s.o.j.p.SpringPersistenceUnitInfo [restartedMain] No LoadTimeWeaver setup: ignoring JPA class transformer
2024-08-06 06:37:41,611 INFO c.z.h.HikariDataSource [restartedMain] HikariPool-1 - Starting...
2024-08-06 06:37:45,540 INFO c.z.h.p.HikariPool [restartedMain] HikariPool-1 - Added connection com.mysql.cj.jdbc.ConnectionImpl@510896d2
2024-08-06 06:37:45,544 INFO c.z.h.HikariDataSource [restartedMain] HikariPool-1 - Start completed.
2024-08-06 06:37:46,459 WARN o.h.e.j.d.i.DialectFactoryImpl [restartedMain] HHH90000025: MySQLDialect does not need to be specified explicitly using 'hibernate.dialect' (remove the property setting and it will be selected by default)
2024-08-06 06:37:49,514 INFO o.h.e.t.j.p.i.JtaPlatformInitiator [restartedMain] HHH000489: No JTA platform available (set 'hibernate.transaction.jta.platform' to enable JTA platform integration)
2024-08-06 06:37:55,181 INFO o.s.o.j.AbstractEntityManagerFactoryBean [restartedMain] Initialized JPA EntityManagerFactory for persistence unit 'default'
2024-08-06 06:38:06,232 INFO o.s.s.c.a.a.c.InitializeUserDetailsBeanManagerConfigurer$InitializeUserDetailsManagerConfigurer [restartedMain] Global AuthenticationManager configured with UserDetailsService bean with name userDetailsService
2024-08-06 06:38:08,361 WARN o.s.b.a.o.j.JpaBaseConfiguration$JpaWebConfiguration [restartedMain] spring.jpa.open-in-view is enabled by default. Therefore, database queries may be performed during view rendering. Explicitly configure spring.jpa.open-in-view to disable this warning
2024-08-06 06:38:15,173 DEBUG o.s.s.w.DefaultSecurityFilterChain [restartedMain] Will secure any request with filters: DisableEncodeUrlFilter, WebAsyncManagerIntegrationFilter, SecurityContextHolderFilter, HeaderWriterFilter, CorsFilter, LogoutFilter, JwtAuthenticationFilter, RequestCacheAwareFilter, SecurityContextHolderAwareRequestFilter, AnonymousAuthenticationFilter, SessionManagementFilter, ExceptionTranslationFilter, AuthorizationFilter
2024-08-06 06:38:18,073 INFO o.s.b.d.a.OptionalLiveReloadServer [restartedMain] LiveReload server is running on port 35729
2024-08-06 06:38:18,196 INFO o.a.j.l.DirectJDKLog [restartedMain] Starting ProtocolHandler ["http-nio-7777"]
2024-08-06 06:38:18,974 INFO o.s.b.w.e.t.TomcatWebServer [restartedMain] Tomcat started on port 7777 (http) with context path '/'
2024-08-06 06:38:18,995 INFO o.s.b.StartupInfoLogger [restartedMain] Started QuizspringApplication in 44.032 seconds (process running for 45.025)
2024-08-06 08:06:18,720 INFO o.a.j.l.DirectJDKLog [http-nio-7777-exec-1] Initializing Spring DispatcherServlet 'dispatcherServlet'
2024-08-06 08:06:18,741 INFO o.s.w.s.FrameworkServlet [http-nio-7777-exec-1] Initializing Servlet 'dispatcherServlet'
2024-08-06 08:06:18,751 INFO o.s.w.s.FrameworkServlet [http-nio-7777-exec-1] Completed initialization in 5 ms
2024-08-06 08:06:18,823 DEBUG o.s.s.w.FilterChainProxy [http-nio-7777-exec-1] Securing POST /users/register
2024-08-06 08:06:18,872 DEBUG o.s.s.w.a.AnonymousAuthenticationFilter [http-nio-7777-exec-1] Set SecurityContextHolder to anonymous SecurityContext
2024-08-06 08:06:18,894 DEBUG o.s.s.w.a.Http403ForbiddenEntryPoint [http-nio-7777-exec-1] Pre-authenticated entry point called. Rejecting access
2024-08-06 08:06:19,021 DEBUG o.s.s.w.FilterChainProxy [http-nio-7777-exec-1] Securing POST /error
2024-08-06 08:06:19,024 DEBUG o.s.s.w.a.AnonymousAuthenticationFilter [http-nio-7777-exec-1] Set SecurityContextHolder to anonymous SecurityContext
2024-08-06 08:06:19,027 DEBUG o.s.s.w.a.Http403ForbiddenEntryPoint [http-nio-7777-exec-1] Pre-authenticated entry point called. Rejecting access
2024-08-06 08:09:36,583 DEBUG o.s.s.w.FilterChainProxy [http-nio-7777-exec-4] Securing POST /api/auth/register
2024-08-06 08:09:36,634 DEBUG o.s.s.w.a.AnonymousAuthenticationFilter [http-nio-7777-exec-4] Set SecurityContextHolder to anonymous SecurityContext
2024-08-06 08:09:36,639 DEBUG o.s.s.w.FilterChainProxy [http-nio-7777-exec-4] Secured POST /api/auth/register
2024-08-06 08:56:28,392 WARN c.z.h.p.HikariPool$HouseKeeper [HikariPool-1 housekeeper] HikariPool-1 - Thread starvation or clock leap detected (housekeeper delta=39m39s668ms541µs400ns).
